<?xml version="1.0" encoding="UTF-8"?>
<!-- Generated by org.testng.reporters.JUnitReportReporter -->
<testsuite hostname="LAPTOP-8SCEEOF3" failures="0" tests="1" name="com.appium_assignment.Appium_Assignment.First_launch_emulator" time="7.069" errors="0" timestamp="2024-03-14T09:26:12 IST" skipped="0">
  <testcase classname="com.appium_assignment.Appium_Assignment.First_launch_emulator" name="test" time="7.069"/>
</testsuite> <!-- com.appium_assignment.Appium_Assignment.First_launch_emulator -->
